<?xml version="1.0" encoding="UTF-8"?>
<testsuite name="CaesarTest" tests="1" skipped="0" failures="0" errors="0" timestamp="2021-09-04T09:18:11" hostname="aaron" time="0.001">
  <properties/>
  <testcase name="Caesar_takesShiftKey_int" classname="CaesarTest" time="0.001"/>
  <system-out><![CDATA[]]></system-out>
  <system-err><![CDATA[]]></system-err>
</testsuite>
